mobile_app/build/app/intermediates/manifest_merge_blame_file/debug/processDebugMainManifest/manifest-merger-blame-debug-report.txt
1<?xml version="1.0" encoding="utf-8"?>
2<manifest xmlns:android="http://schemas.android.com/apk/res/android"
3    package="vn.hust.electrospic"
4    android:versionCode="12"
5    android:versionName="0.0.1" >
6
7    <uses-sdk
8        android:minSdkVersion="23"
9        android:targetSdkVersion="34" />
10    <!--
11         Flutter needs it to communicate with the running application
12         to allow setting breakpoints, to provide hot reload, etc.
13    -->
14    <uses-permission
14-->src\main\AndroidManifest.xml:12:5-13:11
15        android:name="android.permission.BLUETOOTH"
15-->src\main\AndroidManifest.xml:12:22-65
16        android:maxSdkVersion="30" />
16-->src\debug\AndroidManifest.xml:7:9-35
17    <uses-permission
17-->src\main\AndroidManifest.xml:14:5-15:12
18        android:name="android.permission.BLUETOOTH_ADMIN"
18-->src\main\AndroidManifest.xml:14:22-71
19        android:maxSdkVersion="30" />
19-->src\debug\AndroidManifest.xml:9:9-35
20    <!--
21         Needed only if your app looks for Bluetooth devices.
22        If your app doesn't use Bluetooth scan results to derive physical
23        location information, you can strongly assert that your app
24        doesn't derive physical location.
25    -->
26    <uses-permission
26-->src\main\AndroidManifest.xml:20:5-73
27        android:name="android.permission.BLUETOOTH_SCAN"
27-->src\main\AndroidManifest.xml:20:22-70
28        android:usesPermissionFlags="neverForLocation" />
28-->[com.polidea.rxandroidble2:rxandroidble:1.16.0] AndroidManifest.xml:24:9-55
29    <!--
30         Needed only if your app makes the device discoverable to Bluetooth
31         devices.
32    -->
33    <uses-permission android:name="android.permission.BLUETOOTH_ADVERTISE" />
33-->src\main\AndroidManifest.xml:23:5-78
33-->src\main\AndroidManifest.xml:23:22-75
34    <!--
35      Needed only if your app communicates with already-paired Bluetooth
36      devices.
37    -->
38    <uses-permission android:name="android.permission.BLUETOOTH_CONNECT" />
38-->src\main\AndroidManifest.xml:26:5-76
38-->src\main\AndroidManifest.xml:26:22-73
39    <!--
40    If your application supports a service and can run on Android 10 (API level 29) or Android 11, you must also declare 
41    the ACCESS_BACKGROUND_LOCATION permission to discover Bluetooth devices.
42    -->
43    <uses-permission android:name="android.permission.ACCESS_BACKGROUND_LOCATION" />
43-->src\debug\AndroidManifest.xml:23:5-85
43-->src\debug\AndroidManifest.xml:23:22-82
44    <uses-permission android:name="android.permission.INTERNET" />
44-->src\main\AndroidManifest.xml:30:5-67
44-->src\main\AndroidManifest.xml:30:22-64
45    <uses-permission android:name="android.permission.WRITE_EXTERNAL_STORAGE" />
45-->src\main\AndroidManifest.xml:32:5-81
45-->src\main\AndroidManifest.xml:32:22-78
46    <uses-permission
46-->src\main\AndroidManifest.xml:33:5-80
47        android:name="android.permission.READ_EXTERNAL_STORAGE"
47-->src\main\AndroidManifest.xml:33:22-77
48        android:maxSdkVersion="32" />
48-->[:file_picker] AndroidManifest.xml:9:9-35
49    <uses-permission android:name="android.permission.MANAGE_EXTERNAL_STORAGE" />
49-->src\main\AndroidManifest.xml:31:5-82
49-->src\main\AndroidManifest.xml:31:22-79
50
51    <uses-feature
51-->src\main\AndroidManifest.xml:2:4-4:35
52        android:name="android.hardware.bluetooth_le"
52-->src\main\AndroidManifest.xml:3:9-53
53        android:required="true" />
53-->src\main\AndroidManifest.xml:4:9-32
54
55    <uses-permission android:name="android.permission.ACCESS_NETWORK_STATE" />
55-->[:connectivity_plus] AndroidManifest.xml:7:5-79
55-->[:connectivity_plus] AndroidManifest.xml:7:22-76
56
57    <queries>
57-->[:file_picker] AndroidManifest.xml:11:5-17:15
58        <intent>
58-->[:file_picker] AndroidManifest.xml:12:9-16:18
59            <action android:name="android.intent.action.GET_CONTENT" />
59-->[:file_picker] AndroidManifest.xml:13:13-72
59-->[:file_picker] AndroidManifest.xml:13:21-69
60
61            <data android:mimeType="*/*" />
61-->[:file_picker] AndroidManifest.xml:15:13-44
61-->[:file_picker] AndroidManifest.xml:15:19-41
62        </intent>
63    </queries>
64
65    <uses-permission android:name="android.permission.WAKE_LOCK" /> <!-- Permissions options for the `notification` group -->
65-->[:firebase_messaging] AndroidManifest.xml:8:5-68
65-->[:firebase_messaging] AndroidManifest.xml:8:22-65
66    <uses-permission android:name="android.permission.POST_NOTIFICATIONS" />
66-->[:firebase_messaging] AndroidManifest.xml:11:5-77
66-->[:firebase_messaging] AndroidManifest.xml:11:22-74
67    <uses-permission android:name="android.permission.ACCESS_COARSE_LOCATION" />
67-->[:flutter_bluetooth_serial] AndroidManifest.xml:9:5-81
67-->[:flutter_bluetooth_serial] AndroidManifest.xml:9:22-78
68    <uses-permission android:name="android.permission.ACCESS_FINE_LOCATION" /> <!-- Required by older versions of Google Play services to create IID tokens -->
68-->[:flutter_bluetooth_serial] AndroidManifest.xml:10:5-79
68-->[:flutter_bluetooth_serial] AndroidManifest.xml:10:22-76
69    <uses-permission android:name="com.google.android.c2dm.permission.RECEIVE" />
69-->[com.google.firebase:firebase-iid:21.1.0] AndroidManifest.xml:26:5-82
69-->[com.google.firebase:firebase-iid:21.1.0] AndroidManifest.xml:26:22-79
70    <uses-permission android:name="com.google.android.providers.gsf.permission.READ_GSERVICES" />
70-->[com.google.android.recaptcha:recaptcha:18.4.0] AndroidManifest.xml:9:5-98
70-->[com.google.android.recaptcha:recaptcha:18.4.0] AndroidManifest.xml:9:22-95
71
72    <permission
72-->[androidx.core:core:1.13.1] AndroidManifest.xml:22:5-24:47
73        android:name="vn.hust.electrospic.DYNAMIC_RECEIVER_NOT_EXPORTED_PERMISSION"
73-->[androidx.core:core:1.13.1] AndroidManifest.xml:23:9-81
74        android:protectionLevel="signature" />
74-->[androidx.core:core:1.13.1] AndroidManifest.xml:24:9-44
75
76    <uses-permission android:name="vn.hust.electrospic.DYNAMIC_RECEIVER_NOT_EXPORTED_PERMISSION" /> <!-- required for API 23 - 30, no android:maxSdkVersion because of a potential breaking change -->
76-->[androidx.core:core:1.13.1] AndroidManifest.xml:26:5-97
76-->[androidx.core:core:1.13.1] AndroidManifest.xml:26:22-94
77    <!-- TODO: add android:maxSdkVersion on 2.0.0 -->
78    <uses-permission-sdk-23 android:name="android.permission.ACCESS_COARSE_LOCATION" />
78-->[com.polidea.rxandroidble2:rxandroidble:1.16.0] AndroidManifest.xml:18:5-88
78-->[com.polidea.rxandroidble2:rxandroidble:1.16.0] AndroidManifest.xml:18:29-85
79    <uses-permission-sdk-23 android:name="android.permission.ACCESS_FINE_LOCATION" />
79-->[com.polidea.rxandroidble2:rxandroidble:1.16.0] AndroidManifest.xml:19:5-86
79-->[com.polidea.rxandroidble2:rxandroidble:1.16.0] AndroidManifest.xml:19:29-83
80
81    <application
81-->src\main\AndroidManifest.xml:35:4-75:19
82        android:name="com.chaquo.python.android.PyApplication"
82-->src\main\AndroidManifest.xml:38:9-63
83        android:appComponentFactory="androidx.core.app.CoreComponentFactory"
83-->[androidx.core:core:1.13.1] AndroidManifest.xml:28:18-86
84        android:debuggable="true"
85        android:extractNativeLibs="false"
86        android:icon="@mipmap/ic_launcher"
86-->src\main\AndroidManifest.xml:39:9-43
87        android:label="Electrospic"
87-->src\main\AndroidManifest.xml:36:9-36
88        android:requestLegacyExternalStorage="true" >
88-->src\main\AndroidManifest.xml:37:9-52
89        <activity
89-->src\main\AndroidManifest.xml:40:9-69:20
90            android:name="vn.hust.electrospic.MainActivity"
90-->src\main\AndroidManifest.xml:42:13-41
91            android:configChanges="orientation|keyboardHidden|keyboard|screenSize|smallestScreenSize|locale|layoutDirection|fontScale|screenLayout|density|uiMode"
91-->src\main\AndroidManifest.xml:45:13-163
92            android:exported="true"
92-->src\main\AndroidManifest.xml:41:13-36
93            android:hardwareAccelerated="true"
93-->src\main\AndroidManifest.xml:46:13-47
94            android:launchMode="singleTop"
94-->src\main\AndroidManifest.xml:43:13-43
95            android:theme="@style/LaunchTheme"
95-->src\main\AndroidManifest.xml:44:13-47
96            android:windowSoftInputMode="adjustResize" >
96-->src\main\AndroidManifest.xml:47:13-55
97
98            <!--
99                 Specifies an Android theme to apply to this Activity as soon as
100                 the Android process has started. This theme is visible to the user
101                 while the Flutter UI initializes. After that, this theme continues
102                 to determine the Window background behind the Flutter UI.
103            -->
104            <meta-data
104-->src\main\AndroidManifest.xml:52:13-55:17
105                android:name="io.flutter.embedding.android.NormalTheme"
105-->src\main\AndroidManifest.xml:53:15-70
106                android:resource="@style/NormalTheme" />
106-->src\main\AndroidManifest.xml:54:15-52
107            <!--
108                 Displays an Android View that continues showing the launch screen
109                 Drawable until Flutter paints its first frame, then this splash
110                 screen fades out. A splash screen is useful to avoid any visual
111                 gap between the end of Android's launch screen and the painting of
112                 Flutter's first frame.
113            -->
114            <meta-data
114-->src\main\AndroidManifest.xml:61:13-64:17
115                android:name="io.flutter.embedding.android.SplashScreenDrawable"
115-->src\main\AndroidManifest.xml:62:15-79
116                android:resource="@drawable/launch_background" />
116-->src\main\AndroidManifest.xml:63:15-61
117
118            <intent-filter>
118-->src\main\AndroidManifest.xml:65:13-68:29
119                <action android:name="android.intent.action.MAIN" />
119-->src\main\AndroidManifest.xml:66:17-68
119-->src\main\AndroidManifest.xml:66:25-66
120
121                <category android:name="android.intent.category.LAUNCHER" />
121-->src\main\AndroidManifest.xml:67:17-76
121-->src\main\AndroidManifest.xml:67:27-74
122            </intent-filter>
123        </activity>
124        <!--
125 Don't delete the meta-data below.
126             This is used by the Flutter tool to generate GeneratedPluginRegistrant.java
127        -->
128        <meta-data
128-->src\main\AndroidManifest.xml:72:9-74:33
129            android:name="flutterEmbedding"
129-->src\main\AndroidManifest.xml:73:13-44
130            android:value="2" />
130-->src\main\AndroidManifest.xml:74:13-30
131
132        <service
132-->[:cloud_firestore] AndroidManifest.xml:8:9-12:19
133            android:name="com.google.firebase.components.ComponentDiscoveryService"
133-->[:cloud_firestore] AndroidManifest.xml:8:18-89
134            android:directBootAware="true"
134-->[com.google.firebase:firebase-common:20.4.3] AndroidManifest.xml:32:13-43
135            android:exported="false" >
135-->[com.google.firebase:firebase-auth:22.3.1] AndroidManifest.xml:68:13-37
136            <meta-data
136-->[:cloud_firestore] AndroidManifest.xml:9:13-11:85
137                android:name="com.google.firebase.components:io.flutter.plugins.firebase.firestore.FlutterFirebaseFirestoreRegistrar"
137-->[:cloud_firestore] AndroidManifest.xml:10:17-134
138                android:value="com.google.firebase.components.ComponentRegistrar" />
138-->[:cloud_firestore] AndroidManifest.xml:11:17-82
139            <meta-data
139-->[:firebase_auth] AndroidManifest.xml:9:13-11:85
140                android:name="com.google.firebase.components:io.flutter.plugins.firebase.auth.FlutterFirebaseAuthRegistrar"
140-->[:firebase_auth] AndroidManifest.xml:10:17-124
141                android:value="com.google.firebase.components.ComponentRegistrar" />
141-->[:firebase_auth] AndroidManifest.xml:11:17-82
142            <meta-data
142-->[:firebase_database] AndroidManifest.xml:9:13-11:85
143                android:name="com.google.firebase.components:io.flutter.plugins.firebase.database.FlutterFirebaseAppRegistrar"
143-->[:firebase_database] AndroidManifest.xml:10:17-127
144                android:value="com.google.firebase.components.ComponentRegistrar" />
144-->[:firebase_database] AndroidManifest.xml:11:17-82
145            <meta-data
145-->[:firebase_messaging] AndroidManifest.xml:36:13-38:85
146                android:name="com.google.firebase.components:io.flutter.plugins.firebase.messaging.FlutterFirebaseAppRegistrar"
146-->[:firebase_messaging] AndroidManifest.xml:37:17-128
147                android:value="com.google.firebase.components.ComponentRegistrar" />
147-->[:firebase_messaging] AndroidManifest.xml:38:17-82
148            <meta-data
148-->[:firebase_core] AndroidManifest.xml:9:13-11:85
149                android:name="com.google.firebase.components:io.flutter.plugins.firebase.core.FlutterFirebaseCoreRegistrar"
149-->[:firebase_core] AndroidManifest.xml:10:17-124
150                android:value="com.google.firebase.components.ComponentRegistrar" />
150-->[:firebase_core] AndroidManifest.xml:11:17-82
151            <meta-data
151-->[com.google.firebase:firebase-auth:22.3.1] AndroidManifest.xml:69:13-71:85
152                android:name="com.google.firebase.components:com.google.firebase.auth.FirebaseAuthRegistrar"
152-->[com.google.firebase:firebase-auth:22.3.1] AndroidManifest.xml:70:17-109
153                android:value="com.google.firebase.components.ComponentRegistrar" />
153-->[com.google.firebase:firebase-auth:22.3.1] AndroidManifest.xml:71:17-82
154            <meta-data
154-->[com.google.firebase:firebase-iid:21.1.0] AndroidManifest.xml:32:13-34:85
155                android:name="com.google.firebase.components:com.google.firebase.iid.Registrar"
155-->[com.google.firebase:firebase-iid:21.1.0] AndroidManifest.xml:33:17-96
156                android:value="com.google.firebase.components.ComponentRegistrar" />
156-->[com.google.firebase:firebase-iid:21.1.0] AndroidManifest.xml:34:17-82
157            <meta-data
157-->[com.google.firebase:firebase-firestore:24.11.0] AndroidManifest.xml:17:13-19:85
158                android:name="com.google.firebase.components:com.google.firebase.firestore.FirebaseFirestoreKtxRegistrar"
158-->[com.google.firebase:firebase-firestore:24.11.0] AndroidManifest.xml:18:17-122
159                android:value="com.google.firebase.components.ComponentRegistrar" />
159-->[com.google.firebase:firebase-firestore:24.11.0] AndroidManifest.xml:19:17-82
160            <meta-data
160-->[com.google.firebase:firebase-firestore:24.11.0] AndroidManifest.xml:20:13-22:85
161                android:name="com.google.firebase.components:com.google.firebase.firestore.FirestoreRegistrar"
161-->[com.google.firebase:firebase-firestore:24.11.0] AndroidManifest.xml:21:17-111
162                android:value="com.google.firebase.components.ComponentRegistrar" />
162-->[com.google.firebase:firebase-firestore:24.11.0] AndroidManifest.xml:22:17-82
163            <meta-data
163-->[com.google.firebase:firebase-messaging:23.4.1] AndroidManifest.xml:57:13-59:85
164                android:name="com.google.firebase.components:com.google.firebase.messaging.FirebaseMessagingKtxRegistrar"
164-->[com.google.firebase:firebase-messaging:23.4.1] AndroidManifest.xml:58:17-122
165                android:value="com.google.firebase.components.ComponentRegistrar" />
165-->[com.google.firebase:firebase-messaging:23.4.1] AndroidManifest.xml:59:17-82
166            <meta-data
166-->[com.google.firebase:firebase-messaging:23.4.1] AndroidManifest.xml:60:13-62:85
167                android:name="com.google.firebase.components:com.google.firebase.messaging.FirebaseMessagingRegistrar"
167-->[com.google.firebase:firebase-messaging:23.4.1] AndroidManifest.xml:61:17-119
168                android:value="com.google.firebase.components.ComponentRegistrar" />
168-->[com.google.firebase:firebase-messaging:23.4.1] AndroidManifest.xml:62:17-82
169            <meta-data
169-->[com.google.firebase:firebase-database:20.3.1] AndroidManifest.xml:29:13-31:85
170                android:name="com.google.firebase.components:com.google.firebase.database.FirebaseDatabaseKtxRegistrar"
170-->[com.google.firebase:firebase-database:20.3.1] AndroidManifest.xml:30:17-120
171                android:value="com.google.firebase.components.ComponentRegistrar" />
171-->[com.google.firebase:firebase-database:20.3.1] AndroidManifest.xml:31:17-82
172            <meta-data
172-->[com.google.firebase:firebase-database:20.3.1] AndroidManifest.xml:32:13-34:85
173                android:name="com.google.firebase.components:com.google.firebase.database.DatabaseRegistrar"
173-->[com.google.firebase:firebase-database:20.3.1] AndroidManifest.xml:33:17-109
174                android:value="com.google.firebase.components.ComponentRegistrar" />
174-->[com.google.firebase:firebase-database:20.3.1] AndroidManifest.xml:34:17-82
175            <meta-data
175-->[com.google.firebase:firebase-installations:17.2.0] AndroidManifest.xml:15:13-17:85
176                android:name="com.google.firebase.components:com.google.firebase.installations.FirebaseInstallationsKtxRegistrar"
176-->[com.google.firebase:firebase-installations:17.2.0] AndroidManifest.xml:16:17-130
177                android:value="com.google.firebase.components.ComponentRegistrar" />
177-->[com.google.firebase:firebase-installations:17.2.0] AndroidManifest.xml:17:17-82
178            <meta-data
178-->[com.google.firebase:firebase-installations:17.2.0] AndroidManifest.xml:18:13-20:85
179                android:name="com.google.firebase.components:com.google.firebase.installations.FirebaseInstallationsRegistrar"
179-->[com.google.firebase:firebase-installations:17.2.0] AndroidManifest.xml:19:17-127
180                android:value="com.google.firebase.components.ComponentRegistrar" />
180-->[com.google.firebase:firebase-installations:17.2.0] AndroidManifest.xml:20:17-82
181            <meta-data
181-->[com.google.firebase:firebase-common-ktx:20.4.3] AndroidManifest.xml:12:13-14:85
182                android:name="com.google.firebase.components:com.google.firebase.ktx.FirebaseCommonLegacyRegistrar"
182-->[com.google.firebase:firebase-common-ktx:20.4.3] AndroidManifest.xml:13:17-116
183                android:value="com.google.firebase.components.ComponentRegistrar" />
183-->[com.google.firebase:firebase-common-ktx:20.4.3] AndroidManifest.xml:14:17-82
184            <meta-data
184-->[com.google.firebase:firebase-common:20.4.3] AndroidManifest.xml:35:13-37:85
185                android:name="com.google.firebase.components:com.google.firebase.FirebaseCommonKtxRegistrar"
185-->[com.google.firebase:firebase-common:20.4.3] AndroidManifest.xml:36:17-109
186                android:value="com.google.firebase.components.ComponentRegistrar" />
186-->[com.google.firebase:firebase-common:20.4.3] AndroidManifest.xml:37:17-82
187            <meta-data
187-->[com.google.firebase:firebase-datatransport:18.1.7] AndroidManifest.xml:27:13-29:85
188                android:name="com.google.firebase.components:com.google.firebase.datatransport.TransportRegistrar"
188-->[com.google.firebase:firebase-datatransport:18.1.7] AndroidManifest.xml:28:17-115
189                android:value="com.google.firebase.components.ComponentRegistrar" />
189-->[com.google.firebase:firebase-datatransport:18.1.7] AndroidManifest.xml:29:17-82
190        </service>
191        <service
191-->[:firebase_messaging] AndroidManifest.xml:14:9-17:72
192            android:name="io.flutter.plugins.firebase.messaging.FlutterFirebaseMessagingBackgroundService"
192-->[:firebase_messaging] AndroidManifest.xml:15:13-107
193            android:exported="false"
193-->[:firebase_messaging] AndroidManifest.xml:16:13-37
194            android:permission="android.permission.BIND_JOB_SERVICE" />
194-->[:firebase_messaging] AndroidManifest.xml:17:13-69
195        <service
195-->[:firebase_messaging] AndroidManifest.xml:18:9-24:19
196            android:name="io.flutter.plugins.firebase.messaging.FlutterFirebaseMessagingService"
196-->[:firebase_messaging] AndroidManifest.xml:19:13-97
197            android:exported="false" >
197-->[:firebase_messaging] AndroidManifest.xml:20:13-37
198            <intent-filter>
198-->[:firebase_messaging] AndroidManifest.xml:21:13-23:29
199                <action android:name="com.google.firebase.MESSAGING_EVENT" />
199-->[:firebase_messaging] AndroidManifest.xml:22:17-78
199-->[:firebase_messaging] AndroidManifest.xml:22:25-75
200            </intent-filter>
201        </service>
202
203        <receiver
203-->[:firebase_messaging] AndroidManifest.xml:26:9-33:20
204            android:name="io.flutter.plugins.firebase.messaging.FlutterFirebaseMessagingReceiver"
204-->[:firebase_messaging] AndroidManifest.xml:27:13-98
205            android:exported="true"
205-->[:firebase_messaging] AndroidManifest.xml:28:13-36
206            android:permission="com.google.android.c2dm.permission.SEND" >
206-->[:firebase_messaging] AndroidManifest.xml:29:13-73
207            <intent-filter>
207-->[:firebase_messaging] AndroidManifest.xml:30:13-32:29
208                <action android:name="com.google.android.c2dm.intent.RECEIVE" />
208-->[:firebase_messaging] AndroidManifest.xml:31:17-81
208-->[:firebase_messaging] AndroidManifest.xml:31:25-78
209            </intent-filter>
210        </receiver>
211
212        <provider
212-->[:firebase_messaging] AndroidManifest.xml:41:9-45:38
213            android:name="io.flutter.plugins.firebase.messaging.FlutterFirebaseMessagingInitProvider"
213-->[:firebase_messaging] AndroidManifest.xml:42:13-102
214            android:authorities="vn.hust.electrospic.flutterfirebasemessaginginitprovider"
214-->[:firebase_messaging] AndroidManifest.xml:43:13-88
215            android:exported="false"
215-->[:firebase_messaging] AndroidManifest.xml:44:13-37
216            android:initOrder="99" />
216-->[:firebase_messaging] AndroidManifest.xml:45:13-35
217
218        <service
218-->[:geolocator_android] AndroidManifest.xml:8:9-12:56
219            android:name="com.baseflow.geolocator.GeolocatorLocationService"
219-->[:geolocator_android] AndroidManifest.xml:9:13-77
220            android:enabled="true"
220-->[:geolocator_android] AndroidManifest.xml:10:13-35
221            android:exported="false"
221-->[:geolocator_android] AndroidManifest.xml:11:13-37
222            android:foregroundServiceType="location" />
222-->[:geolocator_android] AndroidManifest.xml:12:13-53
223
224        <activity
224-->[:url_launcher_android] AndroidManifest.xml:8:9-11:74
225            android:name="io.flutter.plugins.urllauncher.WebViewActivity"
225-->[:url_launcher_android] AndroidManifest.xml:9:13-74
226            android:exported="false"
226-->[:url_launcher_android] AndroidManifest.xml:10:13-37
227            android:theme="@android:style/Theme.NoTitleBar.Fullscreen" />
227-->[:url_launcher_android] AndroidManifest.xml:11:13-71
228        <activity
228-->[com.google.firebase:firebase-auth:22.3.1] AndroidManifest.xml:29:9-46:20
229            android:name="com.google.firebase.auth.internal.GenericIdpActivity"
229-->[com.google.firebase:firebase-auth:22.3.1] AndroidManifest.xml:30:13-80
230            android:excludeFromRecents="true"
230-->[com.google.firebase:firebase-auth:22.3.1] AndroidManifest.xml:31:13-46
231            android:exported="true"
231-->[com.google.firebase:firebase-auth:22.3.1] AndroidManifest.xml:32:13-36
232            android:launchMode="singleTask"
232-->[com.google.firebase:firebase-auth:22.3.1] AndroidManifest.xml:33:13-44
233            android:theme="@android:style/Theme.Translucent.NoTitleBar" >
233-->[com.google.firebase:firebase-auth:22.3.1] AndroidManifest.xml:34:13-72
234            <intent-filter>
234-->[com.google.firebase:firebase-auth:22.3.1] AndroidManifest.xml:35:13-45:29
235                <action android:name="android.intent.action.VIEW" />
235-->[com.google.firebase:firebase-auth:22.3.1] AndroidManifest.xml:36:17-69
235-->[com.google.firebase:firebase-auth:22.3.1] AndroidManifest.xml:36:25-66
236
237                <category android:name="android.intent.category.DEFAULT" />
237-->[com.google.firebase:firebase-auth:22.3.1] AndroidManifest.xml:38:17-76
237-->[com.google.firebase:firebase-auth:22.3.1] AndroidManifest.xml:38:27-73
238                <category android:name="android.intent.category.BROWSABLE" />
238-->[com.google.firebase:firebase-auth:22.3.1] AndroidManifest.xml:39:17-78
238-->[com.google.firebase:firebase-auth:22.3.1] AndroidManifest.xml:39:27-75
239
240                <data
240-->[:file_picker] AndroidManifest.xml:15:13-44
241                    android:host="firebase.auth"
242                    android:path="/"
243                    android:scheme="genericidp" />
244            </intent-filter>
245        </activity>
246        <activity
246-->[com.google.firebase:firebase-auth:22.3.1] AndroidManifest.xml:47:9-64:20
247            android:name="com.google.firebase.auth.internal.RecaptchaActivity"
247-->[com.google.firebase:firebase-auth:22.3.1] AndroidManifest.xml:48:13-79
248            android:excludeFromRecents="true"
248-->[com.google.firebase:firebase-auth:22.3.1] AndroidManifest.xml:49:13-46
249            android:exported="true"
249-->[com.google.firebase:firebase-auth:22.3.1] AndroidManifest.xml:50:13-36
250            android:launchMode="singleTask"
250-->[com.google.firebase:firebase-auth:22.3.1] AndroidManifest.xml:51:13-44
251            android:theme="@android:style/Theme.Translucent.NoTitleBar" >
251-->[com.google.firebase:firebase-auth:22.3.1] AndroidManifest.xml:52:13-72
252            <intent-filter>
252-->[com.google.firebase:firebase-auth:22.3.1] AndroidManifest.xml:53:13-63:29
253                <action android:name="android.intent.action.VIEW" />
253-->[com.google.firebase:firebase-auth:22.3.1] AndroidManifest.xml:36:17-69
253-->[com.google.firebase:firebase-auth:22.3.1] AndroidManifest.xml:36:25-66
254
255                <category android:name="android.intent.category.DEFAULT" />
255-->[com.google.firebase:firebase-auth:22.3.1] AndroidManifest.xml:38:17-76
255-->[com.google.firebase:firebase-auth:22.3.1] AndroidManifest.xml:38:27-73
256                <category android:name="android.intent.category.BROWSABLE" />
256-->[com.google.firebase:firebase-auth:22.3.1] AndroidManifest.xml:39:17-78
256-->[com.google.firebase:firebase-auth:22.3.1] AndroidManifest.xml:39:27-75
257
258                <data
258-->[:file_picker] AndroidManifest.xml:15:13-44
259                    android:host="firebase.auth"
260                    android:path="/"
261                    android:scheme="recaptcha" />
262            </intent-filter>
263        </activity>
264
265        <receiver
265-->[com.google.firebase:firebase-messaging:23.4.1] AndroidManifest.xml:29:9-40:20
266            android:name="com.google.firebase.iid.FirebaseInstanceIdReceiver"
266-->[com.google.firebase:firebase-messaging:23.4.1] AndroidManifest.xml:30:13-78
267            android:exported="true"
267-->[com.google.firebase:firebase-messaging:23.4.1] AndroidManifest.xml:31:13-36
268            android:permission="com.google.android.c2dm.permission.SEND" >
268-->[com.google.firebase:firebase-messaging:23.4.1] AndroidManifest.xml:32:13-73
269            <intent-filter>
269-->[:firebase_messaging] AndroidManifest.xml:30:13-32:29
270                <action android:name="com.google.android.c2dm.intent.RECEIVE" />
270-->[:firebase_messaging] AndroidManifest.xml:31:17-81
270-->[:firebase_messaging] AndroidManifest.xml:31:25-78
271            </intent-filter>
272
273            <meta-data
273-->[com.google.firebase:firebase-messaging:23.4.1] AndroidManifest.xml:37:13-39:40
274                android:name="com.google.android.gms.cloudmessaging.FINISHED_AFTER_HANDLED"
274-->[com.google.firebase:firebase-messaging:23.4.1] AndroidManifest.xml:38:17-92
275                android:value="true" />
275-->[com.google.firebase:firebase-messaging:23.4.1] AndroidManifest.xml:39:17-37
276        </receiver>
277        <!--
278             FirebaseMessagingService performs security checks at runtime,
279             but set to not exported to explicitly avoid allowing another app to call it.
280        -->
281        <service
281-->[com.google.firebase:firebase-messaging:23.4.1] AndroidManifest.xml:46:9-53:19
282            android:name="com.google.firebase.messaging.FirebaseMessagingService"
282-->[com.google.firebase:firebase-messaging:23.4.1] AndroidManifest.xml:47:13-82
283            android:directBootAware="true"
283-->[com.google.firebase:firebase-messaging:23.4.1] AndroidManifest.xml:48:13-43
284            android:exported="false" >
284-->[com.google.firebase:firebase-messaging:23.4.1] AndroidManifest.xml:49:13-37
285            <intent-filter android:priority="-500" >
285-->[:firebase_messaging] AndroidManifest.xml:21:13-23:29
286                <action android:name="com.google.firebase.MESSAGING_EVENT" />
286-->[:firebase_messaging] AndroidManifest.xml:22:17-78
286-->[:firebase_messaging] AndroidManifest.xml:22:25-75
287            </intent-filter>
288        </service>
289
290        <provider
290-->[com.google.firebase:firebase-common:20.4.3] AndroidManifest.xml:23:9-28:39
291            android:name="com.google.firebase.provider.FirebaseInitProvider"
291-->[com.google.firebase:firebase-common:20.4.3] AndroidManifest.xml:24:13-77
292            android:authorities="vn.hust.electrospic.firebaseinitprovider"
292-->[com.google.firebase:firebase-common:20.4.3] AndroidManifest.xml:25:13-72
293            android:directBootAware="true"
293-->[com.google.firebase:firebase-common:20.4.3] AndroidManifest.xml:26:13-43
294            android:exported="false"
294-->[com.google.firebase:firebase-common:20.4.3] AndroidManifest.xml:27:13-37
295            android:initOrder="100" />
295-->[com.google.firebase:firebase-common:20.4.3] AndroidManifest.xml:28:13-36
296
297        <activity